2024-03-19 22:51:40 - INFO - Training epoch 1......
2024-03-19 22:53:22 - INFO - Average training loss: 0.9393415120773385; Macro F1: 0.4660135235082185
2024-03-19 22:53:22 - INFO - Average validation loss: 0.8623999991416931; Macro F1: 0.5425091159382003
2024-03-19 22:53:22 - INFO - Training epoch 2......
2024-03-19 22:55:10 - INFO - Average training loss: 0.8929754039133281; Macro F1: 0.516015402488796
2024-03-19 22:55:10 - INFO - Average validation loss: 0.8347896041870118; Macro F1: 0.5552448378794507
2024-03-19 22:55:10 - INFO - Training epoch 3......
2024-03-19 22:57:00 - INFO - Average training loss: 0.8685353121729278; Macro F1: 0.5343588182146496
2024-03-19 22:57:00 - INFO - Average validation loss: 0.8148825497627258; Macro F1: 0.5659983471851716
2024-03-19 22:57:00 - INFO - Training epoch 4......
2024-03-19 22:59:06 - INFO - Average training loss: 0.8494256517091048; Macro F1: 0.5506494444907323
2024-03-19 22:59:06 - INFO - Average validation loss: 0.8069499940872192; Macro F1: 0.5470543184471298
2024-03-19 22:59:06 - INFO - Training epoch 5......
2024-03-19 22:59:17 - INFO - PyTorch version 2.2.1 available.
2024-03-19 23:01:14 - INFO - Average training loss: 0.8372373407699721; Macro F1: 0.5635274429663083
2024-03-19 23:01:14 - INFO - Average validation loss: 0.7834205541610718; Macro F1: 0.6077496004747697
2024-03-19 23:01:14 - INFO - Training epoch 6......
2024-03-19 23:02:59 - INFO - Average training loss: 0.8256143185995162; Macro F1: 0.5725102760753826
2024-03-19 23:02:59 - INFO - Average validation loss: 0.7847495617866516; Macro F1: 0.5828507258658434
2024-03-19 23:02:59 - INFO - Training epoch 7......
2024-03-19 23:04:44 - INFO - Average training loss: 0.8120372070472909; Macro F1: 0.5797873993623566
2024-03-19 23:04:44 - INFO - Average validation loss: 0.7885679440498352; Macro F1: 0.5754162274616479
2024-03-19 23:04:44 - INFO - Training epoch 8......
2024-03-19 23:06:31 - INFO - Average training loss: 0.8015852543335606; Macro F1: 0.5918337480119487
2024-03-19 23:06:31 - INFO - Average validation loss: 0.7772706518173218; Macro F1: 0.6011803464533313
2024-03-19 23:06:31 - INFO - Training epoch 9......
2024-03-19 23:08:17 - INFO - Average training loss: 0.7955968965937147; Macro F1: 0.5972602891303721
2024-03-19 23:08:17 - INFO - Average validation loss: 0.7613812837600707; Macro F1: 0.6360561054576902
2024-03-19 23:08:17 - INFO - Training epoch 10......
2024-03-19 23:10:08 - INFO - Average training loss: 0.7891149749904088; Macro F1: 0.5977362787883211
2024-03-19 23:10:08 - INFO - Average validation loss: 0.7573074765205383; Macro F1: 0.6335047681250567
2024-03-19 23:10:08 - INFO - Training epoch 11......
2024-03-19 23:12:02 - INFO - Average training loss: 0.78221634687102; Macro F1: 0.6052830880996086
2024-03-19 23:12:02 - INFO - Average validation loss: 0.7766078476905822; Macro F1: 0.6121437774939151
2024-03-19 23:12:02 - INFO - Training epoch 12......
2024-03-19 23:13:50 - INFO - Average training loss: 0.7739648104826761; Macro F1: 0.6115331695139186
2024-03-19 23:13:50 - INFO - Average validation loss: 0.7592711420059204; Macro F1: 0.6155771954576479
2024-03-19 23:13:50 - INFO - Training epoch 13......
2024-03-19 23:15:33 - INFO - Average training loss: 0.7706417828551819; Macro F1: 0.6110832156848236
2024-03-19 23:15:33 - INFO - Average validation loss: 0.7557009558677673; Macro F1: 0.614595111523233
2024-03-19 23:15:33 - INFO - Training epoch 14......
2024-03-19 23:17:21 - INFO - Average training loss: 0.7631905254275013; Macro F1: 0.620548696844473
2024-03-19 23:17:21 - INFO - Average validation loss: 0.7577215275764465; Macro F1: 0.643612726424486
2024-03-19 23:17:21 - INFO - Training epoch 15......
2024-03-19 23:19:12 - INFO - Average training loss: 0.7604077425738591; Macro F1: 0.6194698736589902
2024-03-19 23:19:12 - INFO - Average validation loss: 0.7448207859992981; Macro F1: 0.6481941682370365
2024-03-19 23:19:12 - INFO - Training epoch 16......
2024-03-19 23:20:57 - INFO - Average training loss: 0.7569630322431302; Macro F1: 0.6269598055789006
2024-03-19 23:20:57 - INFO - Average validation loss: 0.7492958340644836; Macro F1: 0.6495219007673302
2024-03-19 23:20:57 - INFO - Training epoch 17......
2024-03-19 23:22:51 - INFO - Average training loss: 0.7500425901321194; Macro F1: 0.6286693703257245
2024-03-19 23:22:51 - INFO - Average validation loss: 0.7491510758399963; Macro F1: 0.648713119446311
2024-03-19 23:22:51 - INFO - Training epoch 18......
2024-03-19 23:24:50 - INFO - Average training loss: 0.746429683634776; Macro F1: 0.6301312747626706
2024-03-19 23:24:50 - INFO - Average validation loss: 0.749970555305481; Macro F1: 0.6417165246864737
2024-03-19 23:24:50 - INFO - Training epoch 19......
2024-03-19 23:43:16 - INFO - PyTorch version 2.2.1 available.
2024-03-20 01:16:21 - INFO - Training epoch 1......
2024-03-20 01:17:50 - INFO - Average training loss: 0.9240048671558515; Macro F1: 0.48491765659016967
2024-03-20 01:17:50 - INFO - Average validation loss: 0.8423124370574951; Macro F1: 0.5416648127292975
2024-03-20 01:17:50 - INFO - Training epoch 2......
2024-03-20 01:19:29 - INFO - Average training loss: 0.8754784146440718; Macro F1: 0.5336932788096698
2024-03-20 01:19:29 - INFO - Average validation loss: 0.8432085075378418; Macro F1: 0.5751788493969587
2024-03-20 01:19:29 - INFO - Training epoch 3......
2024-03-20 01:21:14 - INFO - Average training loss: 0.8534189428763179; Macro F1: 0.5526671860167371
2024-03-20 01:21:14 - INFO - Average validation loss: 0.7877574343681335; Macro F1: 0.57477047334956
2024-03-20 01:21:14 - INFO - Training epoch 4......
2024-03-20 01:22:54 - INFO - Average training loss: 0.8403461595450782; Macro F1: 0.5649379109107263
2024-03-20 01:22:54 - INFO - Average validation loss: 0.7799300661087036; Macro F1: 0.6015744804497599
2024-03-20 01:22:54 - INFO - Training epoch 5......
2024-03-20 01:24:34 - INFO - Average training loss: 0.8270697680860477; Macro F1: 0.5709185078737778
2024-03-20 01:24:34 - INFO - Average validation loss: 0.7854183468818664; Macro F1: 0.6094780947809477
2024-03-20 01:24:34 - INFO - Training epoch 6......
2024-03-20 01:26:04 - INFO - Average training loss: 0.8175793032562021; Macro F1: 0.5804060313388241
2024-03-20 01:26:04 - INFO - Average validation loss: 0.7625727958679199; Macro F1: 0.6099171527583561
2024-03-20 01:26:04 - INFO - Training epoch 7......
2024-03-20 01:27:40 - INFO - Average training loss: 0.8085389372007363; Macro F1: 0.5894113914889026
2024-03-20 01:27:40 - INFO - Average validation loss: 0.7617397866249085; Macro F1: 0.6422766657211555
2024-03-20 01:27:40 - INFO - Training epoch 8......
2024-03-20 01:29:16 - INFO - Average training loss: 0.7970698898373727; Macro F1: 0.5970752716570314
2024-03-20 01:29:16 - INFO - Average validation loss: 0.7483306317329407; Macro F1: 0.6257627098175846
2024-03-20 01:29:16 - INFO - Training epoch 9......
2024-03-20 01:30:49 - INFO - Average training loss: 0.7894299757438067; Macro F1: 0.6017780816716873
2024-03-20 01:30:49 - INFO - Average validation loss: 0.76022700548172; Macro F1: 0.6250779443946811
2024-03-20 01:30:49 - INFO - Training epoch 10......
2024-03-20 01:32:32 - INFO - Average training loss: 0.781751452377822; Macro F1: 0.6058214736248438
2024-03-20 01:32:32 - INFO - Average validation loss: 0.7432419905662536; Macro F1: 0.6558625748679803
2024-03-20 01:32:32 - INFO - Training epoch 11......
2024-03-20 01:33:57 - INFO - Average training loss: 0.7752939027517837; Macro F1: 0.6130726152010705
2024-03-20 01:33:57 - INFO - Average validation loss: 0.7407218909263611; Macro F1: 0.6458903376244326
2024-03-20 01:33:57 - INFO - Training epoch 12......
2024-03-20 01:35:19 - INFO - Average training loss: 0.7737789439051773; Macro F1: 0.6124053790008975
2024-03-20 01:35:19 - INFO - Average validation loss: 0.7304127240180969; Macro F1: 0.6432077036449964
2024-03-20 01:35:19 - INFO - Training epoch 13......
2024-03-20 01:36:41 - INFO - Average training loss: 0.7655765241811245; Macro F1: 0.6175056420224122
2024-03-20 01:36:41 - INFO - Average validation loss: 0.7377277073860169; Macro F1: 0.6597731658762328
2024-03-20 01:36:41 - INFO - Training epoch 14......
2024-03-20 01:38:08 - INFO - Average training loss: 0.7621571086152996; Macro F1: 0.6228097346181497
2024-03-20 01:38:08 - INFO - Average validation loss: 0.7287605724334717; Macro F1: 0.6647594460275914
2024-03-20 01:38:08 - INFO - Training epoch 15......
2024-03-20 01:39:40 - INFO - Average training loss: 0.7557302198188854; Macro F1: 0.6264407160974282
2024-03-20 01:39:40 - INFO - Average validation loss: 0.7339596128463746; Macro F1: 0.6538292784059999
2024-03-20 01:39:40 - INFO - Training epoch 16......
2024-03-20 01:41:22 - INFO - Average training loss: 0.7521375869544831; Macro F1: 0.6260074192799502
2024-03-20 01:41:22 - INFO - Average validation loss: 0.7286667737960816; Macro F1: 0.6488414683374338
2024-03-20 01:41:22 - INFO - Training epoch 17......
2024-03-20 01:43:07 - INFO - Average training loss: 0.7469246666996165; Macro F1: 0.6301109265236163
2024-03-20 01:43:07 - INFO - Average validation loss: 0.734461510181427; Macro F1: 0.6420812511676841
2024-03-20 01:43:07 - INFO - Training epoch 18......
2024-03-20 01:44:50 - INFO - Average training loss: 0.7447315060149561; Macro F1: 0.6316343053465724
2024-03-20 01:44:50 - INFO - Average validation loss: 0.7265948581695557; Macro F1: 0.6560625467790127
2024-03-20 01:44:50 - INFO - Training epoch 19......
2024-03-20 01:46:37 - INFO - Average training loss: 0.7387395962210115; Macro F1: 0.6386696518951344
2024-03-20 01:46:37 - INFO - Average validation loss: 0.7369020218849183; Macro F1: 0.650023717981884
2024-03-20 01:46:37 - INFO - Training epoch 20......
2024-03-20 01:47:58 - INFO - Average training loss: 0.7370348622752876; Macro F1: 0.6354888733208556
2024-03-20 01:47:58 - INFO - Average validation loss: 0.7208997850418091; Macro F1: 0.6643537638299751
2024-03-20 01:47:58 - INFO - Training epoch 21......
2024-03-20 01:49:41 - INFO - Average training loss: 0.7326890125536014; Macro F1: 0.6373469574572779
2024-03-20 01:49:41 - INFO - Average validation loss: 0.7250522236824035; Macro F1: 0.6505480274961187
2024-03-20 01:49:41 - INFO - Training epoch 22......
2024-03-20 01:51:11 - INFO - Average training loss: 0.7308848223459752; Macro F1: 0.6404098377073563
2024-03-20 01:51:11 - INFO - Average validation loss: 0.7421368508338928; Macro F1: 0.6478979184287703
2024-03-20 01:51:11 - INFO - Training epoch 23......
2024-03-20 01:52:42 - INFO - Average training loss: 0.7251043567392943; Macro F1: 0.643016806668356
2024-03-20 01:52:42 - INFO - Average validation loss: 0.7199058766365052; Macro F1: 0.6697003253187656
2024-03-20 01:52:42 - INFO - Training epoch 24......
2024-03-20 01:54:12 - INFO - Average training loss: 0.725143727623241; Macro F1: 0.6457930549751564
2024-03-20 01:54:12 - INFO - Average validation loss: 0.7270327463150025; Macro F1: 0.6535741143418495
2024-03-20 01:54:12 - INFO - Training epoch 25......
2024-03-20 01:55:36 - INFO - Average training loss: 0.721251667780225; Macro F1: 0.6485808504615607
2024-03-20 01:55:36 - INFO - Average validation loss: 0.7303072419166565; Macro F1: 0.6436569679216877
2024-03-20 01:55:36 - INFO - Training epoch 26......
2024-03-20 01:56:59 - INFO - Average training loss: 0.7177336993829307; Macro F1: 0.650824406074443
2024-03-20 01:56:59 - INFO - Average validation loss: 0.7297574028968811; Macro F1: 0.651187010704786
2024-03-20 01:56:59 - INFO - Training epoch 27......
2024-03-20 01:58:23 - INFO - Average training loss: 0.7145105612238073; Macro F1: 0.6522492775805481
2024-03-20 01:58:23 - INFO - Average validation loss: 0.7226116676330566; Macro F1: 0.6665913531324389
2024-03-20 01:58:23 - INFO - Training epoch 28......
2024-03-20 01:59:47 - INFO - Average training loss: 0.711658466243154; Macro F1: 0.6539009909425646
2024-03-20 01:59:47 - INFO - Average validation loss: 0.7378762946128845; Macro F1: 0.6583326260925139
2024-03-20 01:59:47 - INFO - Training epoch 29......
2024-03-20 02:01:10 - INFO - Average training loss: 0.7107220036946855; Macro F1: 0.6579622543661281
2024-03-20 02:01:10 - INFO - Average validation loss: 0.7372344460487366; Macro F1: 0.6570868036769186
2024-03-20 02:01:10 - INFO - Training epoch 30......
2024-03-20 02:02:33 - INFO - Average training loss: 0.7060826982826154; Macro F1: 0.6577043802814462
2024-03-20 02:02:33 - INFO - Average validation loss: 0.7246237101554871; Macro F1: 0.666478466961423
2024-03-20 02:02:33 - INFO - Training epoch 31......
2024-03-20 02:04:06 - INFO - Average training loss: 0.7043657724255905; Macro F1: 0.6593367781020774
2024-03-20 02:04:06 - INFO - Average validation loss: 0.7245557370185852; Macro F1: 0.6553600929588571
2024-03-20 02:04:06 - INFO - Training epoch 32......
2024-03-20 02:05:30 - INFO - Average training loss: 0.7070712622104178; Macro F1: 0.6570004798447511
2024-03-20 02:05:30 - INFO - Average validation loss: 0.7404513540267944; Macro F1: 0.6353792721955919
2024-03-20 02:05:30 - INFO - Training epoch 33......
2024-03-20 02:06:54 - INFO - Average training loss: 0.7032575424630817; Macro F1: 0.660622280071309
2024-03-20 02:06:54 - INFO - Average validation loss: 0.7374390344619751; Macro F1: 0.6549524441689708
2024-03-20 02:06:54 - INFO - Training epoch 34......
2024-03-20 02:08:22 - INFO - Average training loss: 0.7008472617332091; Macro F1: 0.65896144509078
2024-03-20 02:08:22 - INFO - Average validation loss: 0.7270383281707764; Macro F1: 0.6693776677520938
2024-03-20 02:08:22 - INFO - Training epoch 35......
2024-03-20 02:09:48 - INFO - Average training loss: 0.6972787258751956; Macro F1: 0.6625275124369479
2024-03-20 02:09:48 - INFO - Average validation loss: 0.7336607818603516; Macro F1: 0.6537924734948821
2024-03-20 02:09:48 - INFO - Training epoch 36......
2024-03-20 02:11:12 - INFO - Average training loss: 0.6961664584086836; Macro F1: 0.6647448862127792
2024-03-20 02:11:12 - INFO - Average validation loss: 0.7142622618675232; Macro F1: 0.6614937028946765
2024-03-20 02:11:12 - INFO - Training epoch 37......
2024-03-20 02:12:35 - INFO - Average training loss: 0.6911347224026154; Macro F1: 0.6673855812668968
2024-03-20 02:12:35 - INFO - Average validation loss: 0.7419469313621521; Macro F1: 0.6611254563094652
2024-03-20 02:12:35 - INFO - Training epoch 38......
2024-03-20 02:14:02 - INFO - Average training loss: 0.6901894342050603; Macro F1: 0.668248433808683
2024-03-20 02:14:02 - INFO - Average validation loss: 0.7339279050827027; Macro F1: 0.6554026456538505
2024-03-20 02:14:02 - INFO - Training epoch 39......
2024-03-20 02:15:25 - INFO - Average training loss: 0.6859622943644772; Macro F1: 0.6718583299191615
2024-03-20 02:15:25 - INFO - Average validation loss: 0.7369841532707214; Macro F1: 0.6562731223974053
2024-03-20 02:15:25 - INFO - Training epoch 40......
2024-03-20 02:16:48 - INFO - Average training loss: 0.6863997645691169; Macro F1: 0.6668041918025535
2024-03-20 02:16:48 - INFO - Average validation loss: 0.7191956191062927; Macro F1: 0.6574232136823883
2024-03-20 02:16:48 - INFO - Training epoch 41......
2024-03-20 02:18:10 - INFO - Average training loss: 0.6881611377806313; Macro F1: 0.6690693107636161
2024-03-20 02:18:10 - INFO - Average validation loss: 0.7260576210021973; Macro F1: 0.663113859038548
2024-03-20 02:18:10 - INFO - Training epoch 42......
2024-03-20 02:19:32 - INFO - Average training loss: 0.688376182109056; Macro F1: 0.6703230384397706
2024-03-20 02:19:32 - INFO - Average validation loss: 0.722345465183258; Macro F1: 0.6728930700572202
2024-03-20 02:19:32 - INFO - Training epoch 43......
2024-03-20 02:20:56 - INFO - Average training loss: 0.6833437960752243; Macro F1: 0.6714265144539642
2024-03-20 02:20:56 - INFO - Average validation loss: 0.7402187142372131; Macro F1: 0.6485106819865362
2024-03-20 02:20:56 - INFO - Training epoch 44......
2024-03-20 02:22:34 - INFO - Average training loss: 0.6813590048194759; Macro F1: 0.6740903439279856
2024-03-20 02:22:34 - INFO - Average validation loss: 0.7424049530029296; Macro F1: 0.6602328007300912
2024-03-20 02:22:34 - INFO - Training epoch 45......
2024-03-20 02:23:58 - INFO - Average training loss: 0.6811853518496807; Macro F1: 0.6725044876764156
2024-03-20 02:23:58 - INFO - Average validation loss: 0.7224022564888001; Macro F1: 0.663536324721358
2024-03-20 02:23:58 - INFO - Training epoch 46......
2024-03-20 02:25:24 - INFO - Average training loss: 0.6775749789151576; Macro F1: 0.6754189081375256
2024-03-20 02:25:24 - INFO - Average validation loss: 0.7314370069503784; Macro F1: 0.6672365851243186
2024-03-20 02:25:24 - INFO - Training epoch 47......
2024-03-20 02:26:47 - INFO - Average training loss: 0.6774129587735271; Macro F1: 0.6739306406451445
2024-03-20 02:26:47 - INFO - Average validation loss: 0.750379720211029; Macro F1: 0.6579051019920414
2024-03-20 02:26:47 - INFO - Training epoch 48......
2024-03-20 02:28:14 - INFO - Average training loss: 0.67460656680304; Macro F1: 0.6796199441397897
2024-03-20 02:28:14 - INFO - Average validation loss: 0.7265287899971008; Macro F1: 0.6759381105730323
2024-03-20 02:28:14 - INFO - Training epoch 49......
2024-03-20 02:29:38 - INFO - Average training loss: 0.6715207793665515; Macro F1: 0.678030220286113
2024-03-20 02:29:38 - INFO - Average validation loss: 0.7423118286132813; Macro F1: 0.6626139865113077
2024-03-20 02:29:38 - INFO - Training epoch 50......
2024-03-20 02:31:04 - INFO - Average training loss: 0.6704807438035463; Macro F1: 0.679532249421336
2024-03-20 02:31:04 - INFO - Average validation loss: 0.7189014587402344; Macro F1: 0.6628226137335448
2024-03-20 02:41:29 - INFO - Training epoch 1......
2024-03-20 02:56:05 - INFO - Epoch [1], Step [100/1410], Loss: 1.1744
2024-03-20 03:10:48 - INFO - Epoch [1], Step [200/1410], Loss: 1.0686
2024-03-20 03:25:22 - INFO - Epoch [1], Step [300/1410], Loss: 0.9874
2024-03-20 03:42:43 - INFO - Epoch [1], Step [400/1410], Loss: 1.0629
2024-03-20 03:57:58 - INFO - Epoch [1], Step [500/1410], Loss: 1.0987
2024-03-20 04:12:11 - INFO - Training epoch 1......
2024-03-20 04:30:35 - INFO - Epoch [1], Step [100/1410], Loss: 0.9938
2024-03-20 04:46:46 - INFO - Epoch [1], Step [200/1410], Loss: 0.6645
2024-03-20 05:01:26 - INFO - Epoch [1], Step [300/1410], Loss: 0.6374
2024-03-20 05:16:05 - INFO - Epoch [1], Step [400/1410], Loss: 0.7402
2024-03-20 05:30:39 - INFO - Epoch [1], Step [500/1410], Loss: 0.7591
2024-03-20 05:44:48 - INFO - Epoch [1], Step [600/1410], Loss: 0.5775
2024-03-20 05:59:01 - INFO - Epoch [1], Step [700/1410], Loss: 0.6787
2024-03-20 06:13:27 - INFO - Epoch [1], Step [800/1410], Loss: 0.6380
2024-03-20 06:27:50 - INFO - Epoch [1], Step [900/1410], Loss: 0.8486
2024-03-20 06:42:03 - INFO - Epoch [1], Step [1000/1410], Loss: 0.7085
2024-03-20 06:56:20 - INFO - Epoch [1], Step [1100/1410], Loss: 0.9044
2024-03-20 07:10:34 - INFO - Epoch [1], Step [1200/1410], Loss: 0.6611
2024-03-20 07:24:52 - INFO - Epoch [1], Step [1300/1410], Loss: 0.8159
2024-03-20 07:39:02 - INFO - Epoch [1], Step [1400/1410], Loss: 0.6249
2024-03-20 07:43:05 - INFO - Average training loss: 0.7063017377121026; Macro F1: 0.6594495649103874
2024-03-20 07:43:05 - INFO - Average validation loss: 0.6136244144439698; Macro F1: 0.7071199600020698
2024-03-20 07:43:05 - INFO - Training epoch 2......
2024-03-20 07:57:20 - INFO - Epoch [2], Step [100/1410], Loss: 0.6929
2024-03-20 08:11:45 - INFO - Epoch [2], Step [200/1410], Loss: 0.5095
2024-03-20 08:26:10 - INFO - Epoch [2], Step [300/1410], Loss: 0.4740
2024-03-20 08:40:28 - INFO - Epoch [2], Step [400/1410], Loss: 0.6046
2024-03-20 08:54:40 - INFO - Epoch [2], Step [500/1410], Loss: 0.4617
2024-03-20 09:08:54 - INFO - Epoch [2], Step [600/1410], Loss: 0.7667
2024-03-20 09:23:11 - INFO - Epoch [2], Step [700/1410], Loss: 0.4954
2024-03-20 09:37:26 - INFO - Epoch [2], Step [800/1410], Loss: 0.9638
2024-03-20 09:51:39 - INFO - Epoch [2], Step [900/1410], Loss: 0.4839
2024-03-20 10:06:00 - INFO - Epoch [2], Step [1000/1410], Loss: 0.5666
2024-03-20 10:20:25 - INFO - Epoch [2], Step [1100/1410], Loss: 0.3422
2024-03-20 10:34:48 - INFO - Epoch [2], Step [1200/1410], Loss: 0.7390
2024-03-20 10:49:02 - INFO - Epoch [2], Step [1300/1410], Loss: 0.4822
2024-03-20 11:03:19 - INFO - Epoch [2], Step [1400/1410], Loss: 0.6119
2024-03-20 11:07:30 - INFO - Average training loss: 0.5734424822988781; Macro F1: 0.7416207286882625
2024-03-20 11:07:30 - INFO - Average validation loss: 0.5997529766559601; Macro F1: 0.7222099456799261
2024-03-20 11:07:31 - INFO - Training epoch 3......
2024-03-20 11:22:01 - INFO - Epoch [3], Step [100/1410], Loss: 0.4107
2024-03-20 11:36:26 - INFO - Epoch [3], Step [200/1410], Loss: 0.4725
2024-03-20 11:50:45 - INFO - Epoch [3], Step [300/1410], Loss: 0.4825
2024-03-20 12:05:03 - INFO - Epoch [3], Step [400/1410], Loss: 0.4840
2024-03-20 12:19:22 - INFO - Epoch [3], Step [500/1410], Loss: 0.4546
2024-03-20 12:34:12 - INFO - Epoch [3], Step [600/1410], Loss: 0.5533
2024-03-20 12:49:45 - INFO - Epoch [3], Step [700/1410], Loss: 0.3840
2024-03-20 13:04:33 - INFO - Epoch [3], Step [800/1410], Loss: 0.4297
2024-03-20 13:19:27 - INFO - Epoch [3], Step [900/1410], Loss: 0.8550
2024-03-20 13:34:08 - INFO - Epoch [3], Step [1000/1410], Loss: 0.4488
2024-03-20 13:48:44 - INFO - Epoch [3], Step [1100/1410], Loss: 0.4820
2024-03-20 14:03:08 - INFO - Epoch [3], Step [1200/1410], Loss: 0.4253
2024-03-20 14:17:10 - INFO - Epoch [3], Step [1300/1410], Loss: 0.5268
2024-03-20 14:31:17 - INFO - Epoch [3], Step [1400/1410], Loss: 0.3599
2024-03-20 14:35:27 - INFO - Average training loss: 0.45962229597457765; Macro F1: 0.8045910463315757
2024-03-20 14:35:27 - INFO - Average validation loss: 0.6336344645023346; Macro F1: 0.7268505599457066
2024-03-20 14:35:28 - INFO - Training epoch 4......
2024-03-20 14:51:24 - INFO - Epoch [4], Step [100/1410], Loss: 0.4083
2024-03-20 15:08:19 - INFO - Epoch [4], Step [200/1410], Loss: 0.3715
2024-03-20 15:24:42 - INFO - Epoch [4], Step [300/1410], Loss: 0.3525
2024-03-20 15:39:33 - INFO - Epoch [4], Step [400/1410], Loss: 0.2785
2024-03-20 15:53:37 - INFO - Epoch [4], Step [500/1410], Loss: 0.3939
2024-03-20 16:07:36 - INFO - Epoch [4], Step [600/1410], Loss: 0.2142
2024-03-20 16:21:35 - INFO - Epoch [4], Step [700/1410], Loss: 0.2985
2024-03-20 16:35:40 - INFO - Epoch [4], Step [800/1410], Loss: 0.2267
2024-03-20 16:50:12 - INFO - Epoch [4], Step [900/1410], Loss: 0.4246
2024-03-20 17:04:39 - INFO - Epoch [4], Step [1000/1410], Loss: 0.2534
2024-03-20 17:19:21 - INFO - Epoch [4], Step [1100/1410], Loss: 0.2703
2024-03-20 17:33:31 - INFO - Epoch [4], Step [1200/1410], Loss: 0.2118
2024-03-20 17:48:23 - INFO - Epoch [4], Step [1300/1410], Loss: 0.4114
2024-03-20 18:02:57 - INFO - Epoch [4], Step [1400/1410], Loss: 0.5445
2024-03-20 18:07:23 - INFO - Average training loss: 0.3372097276300684; Macro F1: 0.8643309988592268
2024-03-20 18:07:23 - INFO - Average validation loss: 0.7525800149440766; Macro F1: 0.7082019740471598
2024-03-20 18:07:23 - INFO - Training epoch 5......
2024-03-20 18:21:35 - INFO - Epoch [5], Step [100/1410], Loss: 0.1752
2024-03-20 18:35:38 - INFO - Epoch [5], Step [200/1410], Loss: 0.1901
2024-03-20 18:49:34 - INFO - Epoch [5], Step [300/1410], Loss: 0.1653
2024-03-20 19:04:01 - INFO - Epoch [5], Step [400/1410], Loss: 0.1849
2024-03-20 19:19:16 - INFO - Epoch [5], Step [500/1410], Loss: 0.2030
2024-03-20 19:39:40 - INFO - Epoch [5], Step [600/1410], Loss: 0.1712
2024-03-20 19:57:07 - INFO - Epoch [5], Step [700/1410], Loss: 0.1549
2024-03-20 20:17:52 - INFO - Epoch [5], Step [800/1410], Loss: 0.3062
2024-03-20 20:38:22 - INFO - Epoch [5], Step [900/1410], Loss: 0.1293
2024-03-20 20:58:35 - INFO - Epoch [5], Step [1000/1410], Loss: 0.4736
2024-03-20 21:19:36 - INFO - Epoch [5], Step [1100/1410], Loss: 0.3899
2024-03-20 21:39:59 - INFO - Epoch [5], Step [1200/1410], Loss: 0.3830
2024-03-20 21:57:44 - INFO - Epoch [5], Step [1300/1410], Loss: 0.3170
2024-03-20 22:14:46 - INFO - Epoch [5], Step [1400/1410], Loss: 0.2701
2024-03-20 22:19:15 - INFO - Average training loss: 0.23088109540436072; Macro F1: 0.9130282269711912
2024-03-20 22:19:15 - INFO - Average validation loss: 0.9443829603195191; Macro F1: 0.6973153388498871
